
ROM used: 204 (2%)
          204 (2%) including unused fragments

          0 Average locations per line
          2 Average locations per statement

RAM used: 20 (5%) at main() level
          24 (7%) worst case

Stack used: 3 worst case (out of 6 total available)

Lines Stmts  %   Files
----- ----- ---  -----
   66    23  27  esclavo1.c
  306     0   0  C:\PROGRA~1\PICC\devices\16f877a.h
  168    63  73  C:\PROGRA~1\PICC\drivers\lcd.c
----- -----
  540    86 Total

Page ROM  %  RAM   Vol Diff  Functions:
---- --- --- ---   --- ----  ----------
0     21  10   1             @delay_ms1
0     13   6   1             @I2C_WRITE_1
0     42  21   2   265  4.1  ssp_interupt
0     75  37   0   226  2.3  MAIN

Program metrics:
    Functions               2
    Statements              86
    Comments                127
    Volume (V)              595
    Difficilty (D)          6.1
    Effort to implement (E) 3647
    Time to implement (T)   3 minutes
    Est Delivered Bugs (B)  0
    Cyclomatic Complexity   3
    Maintainability (MI)    69

 Segment     Used  Free
-----------  ----  ----
00000-00003     4  0  
00004-00034    49  0  
00035-007FF   151  1844  
00800-00FFF     0  2048  
01000-017FF     0  2048  
01800-01FFF     0  2048  



THE FOLLOWING IS TEMPORARY FOR DIAGNOSTIC USE ONLY:

    n1    n2    N1    N2   v(G)
     0     1     0     0     0    @delay_ms1
     0     1     0     0     0    @I2C_WRITE_1
     9    23    32    21     3    ssp_interupt
     5    23    26    21     0    MAIN
