
ROM used: 505 (6%)
          505 (6%) including unused fragments

          1 Average locations per line
          6 Average locations per statement

RAM used: 9 (2%) at main() level
          25 (7%) worst case

Stack used: 4 worst case (out of 8 total available)

Lines Stmts  %   Files
----- ----- ---  -----
   44    18  22  maestro.c
  306     0   0  C:\PROGRA~1\PICC\devices\16f877a.h
  168    63  78  C:\PROGRA~1\PICC\drivers\lcd.c
----- -----
  518    81 Total

Page ROM  %  RAM   Vol Diff  Functions:
---- --- --- ---   --- ----  ----------
0     21   4   1             @delay_ms1
0      8   2   0             @const57
 Inline        3   463  4.3  lcd_read_byte
0     12   2   1   134  2.2  lcd_send_nibble
0     58  11   3   317  4.3  lcd_send_byte
0     44   9   2   422  4.7  lcd_init
 Inline        4   186  5.5  lcd_gotoxy
0     53  10   1   272  4.1  lcd_putc
0     16   3   1             @I2C_WRITEU_1
0     17   3   1   265  4.1  @I2C_READU_1
0    123  24   1   383  3.2  MAIN
0      6   1   0             @const91
0     21   4   0             @const92
0     21   4   3             @DIV88
0    101  20   6             @PRINTF_D_77

Program metrics:
    Functions               8
    Statements              81
    Comments                124
    Volume (V)              3830
    Difficilty (D)          31.3
    Effort to implement (E) 120022
    Time to implement (T)   1 hours, 51 minutes
    Est Delivered Bugs (B)  1
    Cyclomatic Complexity   11
    Maintainability (MI)    92

 Segment     Used  Free
-----------  ----  ----
00000-00003     4  0  
00004-007FF   501  1543  
00800-00FFF     0  2048  
01000-017FF     0  2048  
01800-01FFF     0  2048  



THE FOLLOWING IS TEMPORARY FOR DIAGNOSTIC USE ONLY:

    n1    n2    N1    N2   v(G)
     0     1     0     0     0    @delay_ms1
     0     1     0     0     0    @const57
     9    41    43    39     0    lcd_read_byte
     5    17    15    15     0    lcd_send_nibble
     9    30    31    29     0    lcd_send_byte
    10    37    41    35     2    lcd_init
    11    19    19    19     1    lcd_gotoxy
     9    22    35    20     4    lcd_putc
     0     1     0     0     0    @I2C_WRITEU_1
     9    23    32    21     3    @I2C_READU_1
     7    33    42    30     1    MAIN
     0     1     0     0     0    @const91
     0     1     0     0     0    @const92
     0     1     0     0     0    @DIV88
     0     1     0     0     0    @PRINTF_D_77
