
ROM used: 4152 (13%)
          4152 (13%) including unused fragments

          1 Average locations per line
          12 Average locations per statement

RAM used: 16 (1%) at main() level
          54 (3%) worst case

Stack used: 6 worst case (out of 31 total available)

Lines Stmts  %   Files
----- ----- ---  -----
   52    25   7  datos galga.c
  451     0   0  ..\..\..\..\..\..\..\Program Files\PICC\devices\18f4550.h
 2172   260  74  ..\..\..\..\..\..\..\Program Files\PICC\drivers\math.h
  348    67  19  ..\..\..\..\..\..\..\Program Files\PICC\drivers\lcd.c
----- -----
 3023   352 Total

Page ROM  %  RAM   Vol Diff  Functions:
---- --- --- ---   --- ----  ----------
0     38   0   1             @delay_ms1
0    120   1  10             @FLT
0     58   1   4             @SFTOI
0     56   1   2             @ITOF
0    346   4  14             @DIVFF
0    618   7  16             @ADDFF
0    242   3  11             @MULFF
0    950  11  22  1071  8.0  exp
0     74   1   2             @SITOF
0     20   0   0             @const211
0     66   1   3   587  6.0  lcd_read_byte
0     12   0   0    59  4.2  lcd_read_nibble
0     30   0   1   172  3.4  lcd_send_nibble
0     52   1   3   317  4.3  lcd_send_byte
0     96   1   2   624  5.8  lcd_init
0     34   0   4   186  5.5  lcd_gotoxy
0     68   1   1   272  4.1  lcd_putc
0    618   7   4   829  3.8  MAIN
0      8   0   0             @const238
0     32   0   2             @PSTRINGC_228
0     18   0   0             @const240
0     14   0   0             @const241
0     64   1   5             @FTOSD
0    122   1  13             @DIV3232
0    392   5  13             @PRINTF_L32D_228FPFPF

Program metrics:
    Functions               9
    Statements              352
    Comments                431
    Volume (V)              6249
    Difficilty (D)          42.1
    Effort to implement (E) 263240
    Time to implement (T)   4 hours, 4 minutes
    Est Delivered Bugs (B)  1
    Cyclomatic Complexity   9
    Maintainability (MI)    29

 Segment     Used  Free
-----------  ----  ----
00000-00002     4  0  
00004-07FFE  4148  28616  



