
ROM used: 4668 (14%)
          4668 (14%) including unused fragments

          4 Average locations per line
          15 Average locations per statement

RAM used: 135 (7%) at main() level
          156 (8%) worst case

Stack used: 8 worst case (out of 31 total available)

Lines Stmts  %   Files
----- ----- ---  -----
  203   153  49  PIC1.c
  451     0   0  ..\..\..\..\..\..\..\..\Program Files\PICC\Devices\18f4550.h
  348    67  21  ..\..\..\..\..\..\..\..\Program Files\PICC\Drivers\lcd.c
  256    93  30  ..\..\..\..\..\..\..\..\Program Files\PICC\Drivers\_ds1307.c
----- -----
 1258   313 Total

Page ROM  %  RAM   Vol Diff  Functions:
---- --- --- ---   --- ----  ----------
0     38   0   1             @delay_ms1
0     30   0   0             @const76
0     66   1   3   587  6.0  lcd_read_byte
0     12   0   0    59  4.2  lcd_read_nibble
0     30   0   1   172  3.4  lcd_send_nibble
0     52   1   3   317  4.3  lcd_send_byte
0     96   1   2   624  5.8  lcd_init
0     34   0   4   186  5.5  lcd_gotoxy
0     68   1   1   272  4.1  lcd_putc
0    102   1   3             @I2C_READ_1
0    108   1   1             @I2C_WRITE_1
0    318   3   3   497  2.4  ds1307_init
0    212   2   8   531  2.7  ds1307_set_date_time
 Inline        5   437  3.1  ds1307_get_date
 Inline        4   367  3.0  ds1307_get_time
0    262   3   8   172  3.2  ds1307_get_day_of_week
0     30   0   1             @SPRINTF
0     38   0   2             @PSTRINGR_143
0     36   0   3   240  6.0  ds1307_bin2bcd
0     38   0   3   155  4.7  ds1307_bcd2bin
0     72   1   3             @I2C_READ_2
0     72   1   1             @I2C_WRITE_2
0    654   7   1  1552  4.4  TIMER1
0    430   5   0   136  2.2  leer_reloj
0    430   5   0   578  3.8  escribir_eprom
0    938  10   1  2271  7.8  MAIN
0      2   0   0             @const177
0     32   0   2             @PSTRINGC_93
0      6   0   0             @const179
0      8   0   0             @const180
0      2   0   0             @const181
0     22   0   0             @const182
0     30   0   3             @PSTRINGCN_93
0    234   3   9             @PRINTF_LD_93
0     20   0   0             @const187

Program metrics:
    Functions               18
    Statements              313
    Comments                238
    Volume (V)              15026
    Difficilty (D)          74.0
    Effort to implement (E) 1111245
    Time to implement (T)   17 hours, 9 minutes
    Est Delivered Bugs (B)  4
    Cyclomatic Complexity   18
    Maintainability (MI)    59

 Segment     Used  Free
-----------  ----  ----
00000-00002     4  0  
00004-00006     0  4  
00008-00094   142  0  
00096-07FFE  4522  28096  



