
ROM used: 6070 (19%)
          6070 (19%) including unused fragments

          1 Average locations per line
          47 Average locations per statement

RAM used: 130 (6%) at main() level
          143 (7%) worst case

Stack used: 7 worst case (out of 31 total available)

Lines Stmts  %   Files
----- ----- ---  -----
 4826    61  48  comunicacion serial 1.c
  451     0   0  ..\..\..\..\..\..\Program Files\PICC\devices\18f4550.h
  348    67  52  ..\..\..\..\..\..\Program Files\PICC\drivers\lcd.c
----- -----
 5625   128 Total

Page ROM  %  RAM   Vol Diff  Functions:
---- --- --- ---   --- ----  ----------
0     38   0   1             @delay_ms1
0     10   0   0             @PUTCHARI_BIU_1
0     30   0   0             @const79
0     66   1   3   587  6.0  lcd_read_byte
0     12   0   0    59  4.2  lcd_read_nibble
0     30   0   1   172  3.4  lcd_send_nibble
0     52   0   3   317  4.3  lcd_send_byte
0     98   1   2   624  5.8  lcd_init
0     34   0   4   186  5.5  lcd_gotoxy
0     68   1   1   272  4.1  lcd_putc
0   4746  39   0  2554  6.4  @const108
0     94   1   2   434  4.7  rda_isr
0    580   5   1  1369  5.8  MAIN
0      6   0   0             @const114
0     32   0   2             @PSTRINGC_96
0     12   0   0             @const116
0     16   0   0             @const117

Program metrics:
    Functions               10
    Statements              128
    Comments                184
    Volume (V)              9574
    Difficilty (D)          48.3
    Effort to implement (E) 462381
    Time to implement (T)   7 hours, 8 minutes
    Est Delivered Bugs (B)  2
    Cyclomatic Complexity   20
    Maintainability (MI)    111

 Segment     Used  Free
-----------  ----  ----
00000-00002     4  0  
00004-00006     0  4  
00008-00094   142  0  
00096-07FFE  5924  26694  



