
ROM used: 2658 (8%)
          2658 (8%) including unused fragments

          2 Average locations per line
          13 Average locations per statement

RAM used: 27 (1%) at main() level
          52 (3%) worst case

Stack used: 6 worst case (out of 31 total available)

Lines Stmts  %   Files
----- ----- ---  -----
  158    90  44  lcd y teclado.c
  461     0   0  ..\..\..\..\Program Files\PICC\devices\18f4550.h
  135    40  20  ..\..\..\..\Program Files\PICC\drivers\KBD.c
  411    75  37  ..\..\..\..\Program Files\PICC\drivers\lcd.c
----- -----
 1165   205 Total

Page ROM  %  RAM   Vol Diff  Functions:
---- --- --- ---   --- ----  ----------
0     38   1   1             @delay_ms1
0     28   1   0             @const67
0      4   0   0     3  0.0  kbd_init
0    176   3   4  4540 10.2  kbd_getc
0     20   0   0             @const88
0     66   1   3   587  6.0  lcd_read_byte
0     12   0   0    59  4.2  lcd_read_nibble
0     30   1   1   172  3.4  lcd_send_nibble
0     58   1   3   447  4.6  lcd_send_byte
0     98   2   2   717  5.9  lcd_init
0     34   1   4   191  5.8  lcd_gotoxy
0     82   2   1   354  4.7  lcd_putc
0    736  14   6  2859  6.3  MAIN
0     12   0   0  2863  6.3  @const124
0     32   1   2             @PSTRINGC_105
0     14   0   0             @const126
0     20   0   0             @const127
0     16   0   0             @const128
0     18   0   0             @const129
0      2   0   0             @const130
0     12   0   0             @const131
0     14   0   0             @const132
0     54   1   2             @ITOF
0    242   5  11             @MULFF
0     16   0   0             @const138
0     64   1   5             @FTOSD
0    142   3  13             @DIV3232
0    378   7  13             @PRINTF_L32D_105FPFPF
0     32   1   3             @PSTRINGCN_105
0     10   0   0             @const149
0    120   2  10             @FLT
0     28   1   0             @const153
0     10   0   0             @const154
0     10   0   0             @const155
0     12   0   0             @const156
0     14   0   0             @const157

Program metrics:
    Functions               11
    Statements              205
    Comments                254
    Volume (V)              17690
    Difficilty (D)          54.2
    Effort to implement (E) 959293
    Time to implement (T)   14 hours, 48 minutes
    Est Delivered Bugs (B)  3
    Cyclomatic Complexity   35
    Maintainability (MI)    130

 Segment     Used  Free
-----------  ----  ----
00000-00002     4  0  
00004-07FFE  2654  30110  



