CCS PCH C Compiler, Version 4.104, 5967               22-oct-15 09:01

               Filename: C:\Users\JAIME DIAZ\Desktop\LABORATORIOS UD\PROGRAMAS PIC\2red_i2c\esclavo1.lst

               ROM used: 1094 bytes (3%)
                         Largest free fragment is 31670
               RAM used: 28 (1%) at main() level
                         42 (2%) worst case
               Stack:    8 worst case (6 in main + 2 for interrupts)

*
0000:  GOTO   0366
*
0008:  MOVWF  04
000A:  MOVFF  FD8,05
000E:  MOVFF  FE0,06
0012:  MOVLB  0
0014:  MOVFF  FE9,0C
0018:  MOVFF  FEA,07
001C:  MOVFF  FE1,08
0020:  MOVFF  FE2,09
0024:  MOVFF  FD9,0A
0028:  MOVFF  FDA,0B
002C:  MOVFF  FF3,12
0030:  MOVFF  FF4,13
0034:  MOVFF  FFA,14
0038:  MOVFF  00,0E
003C:  MOVFF  01,0F
0040:  MOVFF  02,10
0044:  MOVFF  03,11
0048:  BTFSS  F9D.3
004A:  GOTO   0054
004E:  BTFSC  F9E.3
0050:  GOTO   00CC
0054:  MOVFF  0E,00
0058:  MOVFF  0F,01
005C:  MOVFF  10,02
0060:  MOVFF  11,03
0064:  MOVFF  0C,FE9
0068:  MOVFF  07,FEA
006C:  BSF    07.7
006E:  MOVFF  08,FE1
0072:  MOVFF  09,FE2
0076:  MOVFF  0A,FD9
007A:  MOVFF  0B,FDA
007E:  MOVFF  12,FF3
0082:  MOVFF  13,FF4
0086:  MOVFF  14,FFA
008A:  MOVF   04,W
008C:  MOVFF  06,FE0
0090:  MOVFF  05,FD8
0094:  RETFIE 0
.................... #include <18f4550.h> 
.................... //////// Standard Header file for the PIC18F4550 device //////////////// 
.................... #device PIC18F4550 
.................... #list 
....................  
.................... #fuses HS,MCLR,NOWDT,NOPROTECT,NOPUT,NOBROWNOUT,NOPBADEN,NOLVP,NOCPD,NODEBUG,NOWRT,NOVREGEN 
.................... #FUSES CPUDIV1         //DIVISION DE FRECUENCIA DEL OSCILADOR: 1 
.................... #use delay(clock=20000000) 
*
012A:  CLRF   FEA
012C:  MOVLW  1E
012E:  MOVWF  FE9
0130:  MOVF   FEF,W
0132:  BZ    014E
0134:  MOVLW  06
0136:  MOVWF  01
0138:  CLRF   00
013A:  DECFSZ 00,F
013C:  BRA    013A
013E:  DECFSZ 01,F
0140:  BRA    0138
0142:  MOVLW  7B
0144:  MOVWF  00
0146:  DECFSZ 00,F
0148:  BRA    0146
014A:  DECFSZ FEF,F
014C:  BRA    0134
014E:  RETLW  00
.................... #include <lcd.c> 
.................... /////////////////////////////////////////////////////////////////////////////// 
.................... ////                             LCD.C                                     //// 
.................... ////                 Driver for common LCD modules                         //// 
.................... ////                                                                       //// 
.................... ////  lcd_init()   Must be called before any other function.               //// 
.................... ////                                                                       //// 
.................... ////  lcd_putc(c)  Will display c on the next position of the LCD.         //// 
.................... ////                     The following have special meaning:               //// 
.................... ////                      \f  Clear display                                //// 
.................... ////                      \n  Go to start of second line                   //// 
.................... ////                      \b  Move back one position                       //// 
.................... ////                                                                       //// 
.................... ////  lcd_gotoxy(x,y) Set write position on LCD (upper left is 1,1)        //// 
.................... ////                                                                       //// 
.................... ////  lcd_getc(x,y)   Returns character at position x,y on LCD             //// 
.................... ////                                                                       //// 
.................... ////  CONFIGURATION                                                        //// 
.................... ////  The LCD can be configured in one of two ways: a.) port access or     //// 
.................... ////  b.) pin access.  Port access requires the entire 7 bit interface     //// 
.................... ////  connected to one GPIO port, and the data bits (D4:D7 of the LCD)     //// 
.................... ////  connected to sequential pins on the GPIO.  Pin access                //// 
.................... ////  has no requirements, all 7 bits of the control interface can         //// 
.................... ////  can be connected to any GPIO using several ports.                    //// 
.................... ////                                                                       //// 
.................... ////  To use port access, #define LCD_DATA_PORT to the SFR location of     //// 
.................... ////  of the GPIO port that holds the interface, -AND- edit LCD_PIN_MAP    //// 
.................... ////  of this file to configure the pin order.  If you are using a         //// 
.................... ////  baseline PIC (PCB), then LCD_OUTPUT_MAP and LCD_INPUT_MAP also must  //// 
.................... ////  be defined.                                                          //// 
.................... ////                                                                       //// 
.................... ////  Example of port access:                                              //// 
.................... ////     #define LCD_DATA_PORT getenv("SFR:PORTD")                         //// 
.................... ////                                                                       //// 
.................... ////  To use pin access, the following pins must be defined:               //// 
.................... ////     LCD_ENABLE_PIN                                                    //// 
.................... ////     LCD_RS_PIN                                                        //// 
.................... ////     LCD_RW_PIN                                                        //// 
.................... ////     LCD_DATA4                                                         //// 
.................... ////     LCD_DATA5                                                         //// 
.................... ////     LCD_DATA6                                                         //// 
.................... ////     LCD_DATA7                                                         //// 
.................... ////                                                                       //// 
.................... ////  Example of pin access:                                               //// 
.................... ////     #define LCD_ENABLE_PIN  PIN_E0                                    //// 
.................... ////     #define LCD_RS_PIN      PIN_E1                                    //// 
.................... ////     #define LCD_RW_PIN      PIN_E2                                    //// 
.................... ////     #define LCD_DATA4       PIN_D4                                    //// 
.................... ////     #define LCD_DATA5       PIN_D5                                    //// 
.................... ////     #define LCD_DATA6       PIN_D6                                    //// 
.................... ////     #define LCD_DATA7       PIN_D7                                    //// 
.................... ////                                                                       //// 
.................... /////////////////////////////////////////////////////////////////////////////// 
.................... ////        (C) Copyright 1996,2009 Custom Computer Services           //// 
.................... //// This source code may only be used by licensed users of the CCS C  //// 
.................... //// compiler.  This source code may only be distributed to other      //// 
.................... //// licensed users of the CCS C compiler.  No other use, reproduction //// 
.................... //// or distribution is permitted without written permission.          //// 
.................... //// Derivative programs created using this software in object code    //// 
.................... //// form are not restricted in any way.                               //// 
.................... /////////////////////////////////////////////////////////////////////////// 
....................  
.................... // define the pinout. 
.................... // only required if port access is being used. 
.................... typedef struct   
.................... {                            // This structure is overlayed 
....................    BOOLEAN enable;           // on to an I/O port to gain 
....................    BOOLEAN rs;               // access to the LCD pins. 
....................    BOOLEAN rw;               // The bits are allocated from 
....................    BOOLEAN unused;           // low order up.  ENABLE will 
....................    int     data : 4;         // be LSB pin of that port. 
....................   #if defined(__PCD__)       // The port used will be LCD_DATA_PORT. 
....................    int    reserved: 8; 
....................   #endif 
.................... } LCD_PIN_MAP; 
....................  
.................... // this is to improve compatability with previous LCD drivers that accepted 
.................... // a define labeled 'use_portb_lcd' that configured the LCD onto port B. 
.................... #if ((defined(use_portb_lcd)) && (use_portb_lcd==TRUE)) 
....................  #define LCD_DATA_PORT getenv("SFR:PORTB") 
.................... #endif 
....................  
.................... #if defined(__PCB__) 
....................    // these definitions only need to be modified for baseline PICs. 
....................    // all other PICs use LCD_PIN_MAP or individual LCD_xxx pin definitions. 
.................... /*                                    EN, RS,   RW,   UNUSED,  DATA  */ 
....................  const LCD_PIN_MAP LCD_OUTPUT_MAP =  {0,  0,    0,    0,       0}; 
....................  const LCD_PIN_MAP LCD_INPUT_MAP =   {0,  0,    0,    0,       0xF}; 
.................... #endif 
....................  
.................... ////////////////////// END CONFIGURATION /////////////////////////////////// 
....................  
.................... #ifndef LCD_ENABLE_PIN 
....................    #define lcd_output_enable(x) lcdlat.enable=x 
....................    #define lcd_enable_tris()   lcdtris.enable=0 
.................... #else 
....................    #define lcd_output_enable(x) output_bit(LCD_ENABLE_PIN, x) 
....................    #define lcd_enable_tris()  output_drive(LCD_ENABLE_PIN) 
.................... #endif 
....................  
.................... #ifndef LCD_RS_PIN 
....................    #define lcd_output_rs(x) lcdlat.rs=x 
....................    #define lcd_rs_tris()   lcdtris.rs=0 
.................... #else 
....................    #define lcd_output_rs(x) output_bit(LCD_RS_PIN, x) 
....................    #define lcd_rs_tris()  output_drive(LCD_RS_PIN) 
.................... #endif 
....................  
.................... #ifndef LCD_RW_PIN 
....................    #define lcd_output_rw(x) lcdlat.rw=x 
....................    #define lcd_rw_tris()   lcdtris.rw=0 
.................... #else 
....................    #define lcd_output_rw(x) output_bit(LCD_RW_PIN, x) 
....................    #define lcd_rw_tris()  output_drive(LCD_RW_PIN) 
.................... #endif 
....................  
.................... // original version of this library incorrectly labeled LCD_DATA0 as LCD_DATA4, 
.................... // LCD_DATA1 as LCD_DATA5, and so on.  this block of code makes the driver 
.................... // compatible with any code written for the original library 
.................... #if (defined(LCD_DATA0) && defined(LCD_DATA1) && defined(LCD_DATA2) && defined(LCD_DATA3) && !defined(LCD_DATA4) && !defined(LCD_DATA5) && !defined(LCD_DATA6) && !defined(LCD_DATA7)) 
....................    #define  LCD_DATA4    LCD_DATA0 
....................    #define  LCD_DATA5    LCD_DATA1 
....................    #define  LCD_DATA6    LCD_DATA2 
....................    #define  LCD_DATA7    LCD_DATA3 
.................... #endif 
....................  
.................... #ifndef LCD_DATA4 
.................... #ifndef LCD_DATA_PORT 
....................    #if defined(__PCB__) 
....................       #define LCD_DATA_PORT      0x06     //portb 
....................       #define set_tris_lcd(x)   set_tris_b(x) 
....................    #else 
....................      #if defined(PIN_D0) 
....................       #define LCD_DATA_PORT      getenv("SFR:PORTD")     //portd 
....................      #else 
....................       #define LCD_DATA_PORT      getenv("SFR:PORTB")     //portb 
....................      #endif 
....................    #endif    
.................... #endif 
....................  
.................... #if defined(__PCB__) 
....................    LCD_PIN_MAP lcd, lcdlat; 
....................    #byte lcd = LCD_DATA_PORT 
....................    #byte lcdlat = LCD_DATA_PORT 
.................... #elif defined(__PCM__) 
....................    LCD_PIN_MAP lcd, lcdlat, lcdtris; 
....................    #byte lcd = LCD_DATA_PORT 
....................    #byte lcdlat = LCD_DATA_PORT 
....................    #byte lcdtris = LCD_DATA_PORT+0x80 
.................... #elif defined(__PCH__) 
....................    LCD_PIN_MAP lcd, lcdlat, lcdtris; 
....................    #byte lcd = LCD_DATA_PORT 
....................    #byte lcdlat = LCD_DATA_PORT+9 
....................    #byte lcdtris = LCD_DATA_PORT+0x12 
.................... #elif defined(__PCD__) 
....................    LCD_PIN_MAP lcd, lcdlat, lcdtris; 
....................    #word lcd = LCD_DATA_PORT 
....................    #word lcdlat = LCD_DATA_PORT+2 
....................    #word lcdtris = LCD_DATA_PORT-0x02 
.................... #endif 
.................... #endif   //LCD_DATA4 not defined 
....................  
.................... #ifndef LCD_TYPE 
....................    #define LCD_TYPE 2           // 0=5x7, 1=5x10, 2=2 lines 
.................... #endif 
....................  
.................... #ifndef LCD_LINE_TWO 
....................    #define LCD_LINE_TWO 0x40    // LCD RAM address for the second line 
.................... #endif 
....................  
.................... BYTE const LCD_INIT_STRING[4] = {0x20 | (LCD_TYPE << 2), 0xc, 1, 6}; 
....................                              // These bytes need to be sent to the LCD 
....................                              // to start it up. 
....................  
.................... BYTE lcd_read_nibble(void); 
....................  
.................... BYTE lcd_read_byte(void) 
.................... { 
....................    BYTE low,high; 
....................  
....................  #if defined(__PCB__) 
....................    set_tris_lcd(LCD_INPUT_MAP); 
....................  #else 
....................   #if (defined(LCD_DATA4) && defined(LCD_DATA5) && defined(LCD_DATA6) && defined(LCD_DATA7)) 
....................    output_float(LCD_DATA4); 
....................    output_float(LCD_DATA5); 
....................    output_float(LCD_DATA6); 
....................    output_float(LCD_DATA7); 
....................   #else 
....................    lcdtris.data = 0xF; 
*
017A:  MOVLW  0F
017C:  ANDWF  F95,W
017E:  IORLW  F0
0180:  MOVWF  F95
....................   #endif 
....................  #endif 
....................          
....................    lcd_output_rw(1); 
0182:  BSF    F8C.2
....................    delay_cycles(1); 
0184:  NOP   
....................    lcd_output_enable(1); 
0186:  BSF    F8C.0
....................    delay_cycles(1); 
0188:  NOP   
....................    high = lcd_read_nibble(); 
018A:  RCALL  016E
018C:  MOVFF  01,25
....................        
....................    lcd_output_enable(0); 
0190:  BCF    F8C.0
....................    delay_cycles(1); 
0192:  NOP   
....................    lcd_output_enable(1); 
0194:  BSF    F8C.0
....................    delay_us(1); 
0196:  BRA    0198
0198:  BRA    019A
019A:  NOP   
....................    low = lcd_read_nibble(); 
019C:  RCALL  016E
019E:  MOVFF  01,24
....................        
....................    lcd_output_enable(0); 
01A2:  BCF    F8C.0
....................  
....................  #if defined(__PCB__) 
....................    set_tris_lcd(LCD_INPUT_MAP); 
....................  #else 
....................   #if (defined(LCD_DATA4) && defined(LCD_DATA5) && defined(LCD_DATA6) && defined(LCD_DATA7)) 
....................    output_drive(LCD_DATA4); 
....................    output_drive(LCD_DATA5); 
....................    output_drive(LCD_DATA6); 
....................    output_drive(LCD_DATA7); 
....................   #else 
....................    lcdtris.data = 0x0; 
01A4:  MOVLW  0F
01A6:  ANDWF  F95,W
01A8:  MOVWF  F95
....................   #endif 
....................  #endif 
....................  
....................    return( (high<<4) | low); 
01AA:  SWAPF  25,W
01AC:  MOVWF  00
01AE:  MOVLW  F0
01B0:  ANDWF  00,F
01B2:  MOVF   00,W
01B4:  IORWF  24,W
01B6:  MOVWF  01
.................... } 
01B8:  GOTO   01C0 (RETURN)
....................  
.................... BYTE lcd_read_nibble(void) 
.................... { 
....................   #if (defined(LCD_DATA4) && defined(LCD_DATA5) && defined(LCD_DATA6) && defined(LCD_DATA7)) 
....................    BYTE n = 0x00; 
....................  
....................    /* Read the data port */ 
....................    n |= input(LCD_DATA4); 
....................    n |= input(LCD_DATA5) << 1; 
....................    n |= input(LCD_DATA6) << 2; 
....................    n |= input(LCD_DATA7) << 3; 
....................     
....................    return(n); 
....................   #else 
....................    return(lcd.data); 
*
016E:  MOVF   F83,W
0170:  MOVWF  00
0172:  SWAPF  00,W
0174:  ANDLW  0F
0176:  MOVWF  01
....................   #endif 
.................... } 
0178:  RETLW  00
....................  
.................... void lcd_send_nibble(BYTE n) 
.................... { 
....................   #if (defined(LCD_DATA4) && defined(LCD_DATA5) && defined(LCD_DATA6) && defined(LCD_DATA7)) 
....................    /* Write to the data port */ 
....................    output_bit(LCD_DATA4, bit_test(n, 0)); 
....................    output_bit(LCD_DATA5, bit_test(n, 1)); 
....................    output_bit(LCD_DATA6, bit_test(n, 2)); 
....................    output_bit(LCD_DATA7, bit_test(n, 3)); 
....................   #else       
....................    lcdlat.data = n; 
*
0150:  SWAPF  25,W
0152:  ANDLW  F0
0154:  MOVWF  00
0156:  MOVLW  0F
0158:  ANDWF  F8C,W
015A:  IORWF  00,W
015C:  MOVWF  F8C
....................   #endif 
....................        
....................    delay_cycles(1); 
015E:  NOP   
....................    lcd_output_enable(1); 
0160:  BSF    F8C.0
....................    delay_us(2); 
0162:  MOVLW  03
0164:  MOVWF  00
0166:  DECFSZ 00,F
0168:  BRA    0166
....................    lcd_output_enable(0); 
016A:  BCF    F8C.0
.................... } 
016C:  RETLW  00
....................  
.................... void lcd_send_byte(BYTE address, BYTE n) 
.................... { 
....................    lcd_output_rs(0); 
*
01BC:  BCF    F8C.1
....................    while ( bit_test(lcd_read_byte(),7) ) ; 
01BE:  BRA    017A
01C0:  MOVFF  01,24
01C4:  BTFSC  01.7
01C6:  BRA    01BE
....................    lcd_output_rs(address); 
01C8:  BCF    F8C.1
01CA:  BTFSC  22.0
01CC:  BSF    F8C.1
....................    delay_cycles(1); 
01CE:  NOP   
....................    lcd_output_rw(0); 
01D0:  BCF    F8C.2
....................    delay_cycles(1); 
01D2:  NOP   
....................    lcd_output_enable(0); 
01D4:  BCF    F8C.0
....................    lcd_send_nibble(n >> 4); 
01D6:  SWAPF  23,W
01D8:  MOVWF  24
01DA:  MOVLW  0F
01DC:  ANDWF  24,F
01DE:  MOVFF  24,25
01E2:  RCALL  0150
....................    lcd_send_nibble(n & 0xf); 
01E4:  MOVF   23,W
01E6:  ANDLW  0F
01E8:  MOVWF  24
01EA:  MOVWF  25
01EC:  RCALL  0150
.................... } 
01EE:  RETLW  00
....................  
.................... void lcd_init(void)  
.................... { 
....................    BYTE i; 
....................  
....................  #if defined(__PCB__) 
....................    set_tris_lcd(LCD_OUTPUT_MAP); 
....................  #else 
....................   #if (defined(LCD_DATA4) && defined(LCD_DATA5) && defined(LCD_DATA6) && defined(LCD_DATA7)) 
....................    output_drive(LCD_DATA4); 
....................    output_drive(LCD_DATA5); 
....................    output_drive(LCD_DATA6); 
....................    output_drive(LCD_DATA7); 
....................   #else 
....................    lcdtris.data = 0x0; 
01F0:  MOVLW  0F
01F2:  ANDWF  F95,W
01F4:  MOVWF  F95
....................   #endif 
....................    lcd_enable_tris(); 
01F6:  BCF    F95.0
....................    lcd_rs_tris(); 
01F8:  BCF    F95.1
....................    lcd_rw_tris(); 
01FA:  BCF    F95.2
....................  #endif 
....................  
....................    lcd_output_rs(0); 
01FC:  BCF    F8C.1
....................    lcd_output_rw(0); 
01FE:  BCF    F8C.2
....................    lcd_output_enable(0); 
0200:  BCF    F8C.0
....................      
....................    delay_ms(15); 
0202:  MOVLW  0F
0204:  MOVWF  1E
0206:  RCALL  012A
....................    for(i=1;i<=3;++i) 
0208:  MOVLW  01
020A:  MOVWF  1B
020C:  MOVF   1B,W
020E:  SUBLW  03
0210:  BNC   0222
....................    { 
....................        lcd_send_nibble(3); 
0212:  MOVLW  03
0214:  MOVWF  25
0216:  RCALL  0150
....................        delay_ms(5); 
0218:  MOVLW  05
021A:  MOVWF  1E
021C:  RCALL  012A
....................    } 
021E:  INCF   1B,F
0220:  BRA    020C
....................      
....................    lcd_send_nibble(2); 
0222:  MOVLW  02
0224:  MOVWF  25
0226:  RCALL  0150
....................    for(i=0;i<=3;++i) 
0228:  CLRF   1B
022A:  MOVF   1B,W
022C:  SUBLW  03
022E:  BNC   024C
....................       lcd_send_byte(0,LCD_INIT_STRING[i]); 
0230:  CLRF   03
0232:  MOVF   1B,W
0234:  MOVFF  FF2,1C
0238:  BCF    FF2.7
023A:  RCALL  0096
023C:  BTFSC  1C.7
023E:  BSF    FF2.7
0240:  MOVWF  1C
0242:  CLRF   22
0244:  MOVWF  23
0246:  RCALL  01BC
0248:  INCF   1B,F
024A:  BRA    022A
.................... } 
024C:  GOTO   039A (RETURN)
....................  
.................... void lcd_gotoxy(BYTE x, BYTE y) 
.................... { 
....................    BYTE address; 
....................  
....................    if(y!=1) 
0250:  DECFSZ 1F,W
0252:  BRA    0256
0254:  BRA    025C
....................       address=LCD_LINE_TWO; 
0256:  MOVLW  40
0258:  MOVWF  20
....................    else 
025A:  BRA    025E
....................       address=0; 
025C:  CLRF   20
....................       
....................    address+=x-1; 
025E:  MOVLW  01
0260:  SUBWF  1E,W
0262:  ADDWF  20,F
....................    lcd_send_byte(0,0x80|address); 
0264:  MOVF   20,W
0266:  IORLW  80
0268:  MOVWF  21
026A:  CLRF   22
026C:  MOVWF  23
026E:  RCALL  01BC
.................... } 
0270:  RETLW  00
....................  
.................... void lcd_putc(char c) 
.................... { 
....................    switch (c) 
....................    { 
0272:  MOVF   1D,W
0274:  XORLW  0C
0276:  BZ    0282
0278:  XORLW  06
027A:  BZ    0292
027C:  XORLW  02
027E:  BZ    029E
0280:  BRA    02A8
....................       case '\f'   :  lcd_send_byte(0,1); 
0282:  CLRF   22
0284:  MOVLW  01
0286:  MOVWF  23
0288:  RCALL  01BC
....................                      delay_ms(2); 
028A:  MOVLW  02
028C:  MOVWF  1E
028E:  RCALL  012A
....................                      break; 
0290:  BRA    02B4
....................                       
....................       case '\n'   : lcd_gotoxy(1,2);        break; 
0292:  MOVLW  01
0294:  MOVWF  1E
0296:  MOVLW  02
0298:  MOVWF  1F
029A:  RCALL  0250
029C:  BRA    02B4
....................       
....................       case '\b'   : lcd_send_byte(0,0x10);  break; 
029E:  CLRF   22
02A0:  MOVLW  10
02A2:  MOVWF  23
02A4:  RCALL  01BC
02A6:  BRA    02B4
....................       
....................       default     : lcd_send_byte(1,c);     break; 
02A8:  MOVLW  01
02AA:  MOVWF  22
02AC:  MOVFF  1D,23
02B0:  RCALL  01BC
02B2:  BRA    02B4
....................    } 
.................... } 
02B4:  RETLW  00
....................   
.................... char lcd_getc(BYTE x, BYTE y) 
.................... { 
....................    char value; 
....................  
....................    lcd_gotoxy(x,y); 
....................    while ( bit_test(lcd_read_byte(),7) ); // wait until busy flag is low 
....................    lcd_output_rs(1); 
....................    value = lcd_read_byte(); 
....................    lcd_output_rs(0); 
....................     
....................    return(value); 
.................... } 
....................  
....................  
.................... #use i2c(SLAVE, SDA=PIN_b0, SCL=PIN_b1, ADDRESS=0XB0,FORCE_HW) 
*
00B4:  MOVF   FC9,W
00B6:  MOVFF  29,FC9
00BA:  BSF    FC6.4
00BC:  BCF    F9E.3
00BE:  BTFSC  FC7.0
00C0:  BRA    00BE
00C2:  CLRF   01
00C4:  BTFSC  FC6.4
00C6:  INCF   01,F
00C8:  GOTO   0108 (RETURN)
.................... int flag =0; 
.................... int dato; 
.................... byte incoming,state; 
....................  
.................... #INT_SSP 
.................... void ssp_interupt () 
.................... { 
.................... BYTE incoming, state; 
....................  
....................    state = i2c_isr_state(); 
00CC:  BTFSC  FC7.5
00CE:  BRA    00D6
00D0:  CLRF   1A
00D2:  BTFSC  FC7.2
00D4:  BSF    1A.7
00D6:  MOVF   1A,W
00D8:  INCF   1A,F
00DA:  MOVWF  28
....................  
....................    if(state < 0x80)                     //Master is sending data 
00DC:  MOVF   28,W
00DE:  SUBLW  7F
00E0:  BNC   00F8
....................    { 
....................       incoming = i2c_read(); 
00E2:  BCF    FC6.6
00E4:  BTFSS  F9E.3
00E6:  BRA    00E4
00E8:  MOVF   FC9,W
00EA:  BSF    FC6.4
00EC:  MOVWF  27
....................  
....................       if (incoming == 0x05){ 
00EE:  MOVF   27,W
00F0:  SUBLW  05
00F2:  BNZ   00F8
....................  
....................          flag=1; 
00F4:  MOVLW  01
00F6:  MOVWF  16
....................        
....................  
....................       } 
....................  
....................  
....................    } 
....................    if((state == 0x80)&& (flag==1))                     //Master is requesting data 
00F8:  MOVF   28,W
00FA:  SUBLW  80
00FC:  BNZ   010A
00FE:  DECFSZ 16,W
0100:  BRA    010A
....................    { 
....................       i2c_write(dato); 
0102:  MOVFF  17,29
0106:  BRA    00B4
....................       flag=0; 
0108:  CLRF   16
....................    } 
.................... } 
....................  
....................  
....................  
....................  
010A:  BCF    F9E.3
010C:  GOTO   0054
.................... void main (){ 
*
0366:  CLRF   FF8
0368:  BCF    FD0.7
036A:  BSF    07.7
036C:  CLRF   FEA
036E:  CLRF   FE9
0370:  BSF    F93.1
0372:  BSF    F93.0
0374:  MOVLW  B0
0376:  MOVWF  FC8
0378:  MOVLW  36
037A:  MOVWF  FC6
037C:  CLRF   16
037E:  MOVF   FC1,W
0380:  ANDLW  C0
0382:  IORLW  0F
0384:  MOVWF  FC1
0386:  MOVLW  07
0388:  MOVWF  FB4
038A:  MOVLW  03
038C:  MOVWF  1A
.................... set_tris_b (0xff); 
038E:  MOVLW  FF
0390:  MOVWF  F93
....................  
.................... enable_interrupts(GLOBAL); 
0392:  MOVLW  C0
0394:  IORWF  FF2,F
.................... enable_interrupts(INT_SSP); 
0396:  BSF    F9D.3
....................  
....................  lcd_init(); 
0398:  BRA    01F0
....................  lcd_putc("\f"); 
039A:  MOVLW  10
039C:  MOVWF  FF6
039E:  MOVLW  01
03A0:  MOVWF  FF7
03A2:  RCALL  02B6
....................  lcd_gotoxy (1, 1) ; 
03A4:  MOVLW  01
03A6:  MOVWF  1E
03A8:  MOVWF  1F
03AA:  RCALL  0250
....................     printf (lcd_putc, "AUTOR"); 
03AC:  MOVLW  12
03AE:  MOVWF  FF6
03B0:  MOVLW  01
03B2:  MOVWF  FF7
03B4:  RCALL  02B6
....................     lcd_gotoxy (1, 2) ; 
03B6:  MOVLW  01
03B8:  MOVWF  1E
03BA:  MOVLW  02
03BC:  MOVWF  1F
03BE:  RCALL  0250
....................     printf (lcd_putc, "JUAN"); 
03C0:  MOVLW  18
03C2:  MOVWF  FF6
03C4:  MOVLW  01
03C6:  MOVWF  FF7
03C8:  RCALL  02B6
....................     delay_ms(1000); 
03CA:  MOVLW  04
03CC:  MOVWF  1B
03CE:  MOVLW  FA
03D0:  MOVWF  1E
03D2:  RCALL  012A
03D4:  DECFSZ 1B,F
03D6:  BRA    03CE
....................      
.................... setup_adc_ports (AN0); 
03D8:  MOVF   FC1,W
03DA:  ANDLW  C0
03DC:  IORLW  0E
03DE:  MOVWF  FC1
.................... setup_adc(ADC_CLOCK_INTERNAL ); 
03E0:  BSF    FC0.0
03E2:  BSF    FC0.1
03E4:  BSF    FC0.2
03E6:  BCF    FC0.7
03E8:  BSF    FC2.0
.................... set_adc_channel(0); 
03EA:  MOVLW  00
03EC:  MOVWF  01
03EE:  MOVF   FC2,W
03F0:  ANDLW  C3
03F2:  IORWF  01,W
03F4:  MOVWF  FC2
.................... delay_us(10); 
03F6:  MOVLW  10
03F8:  MOVWF  00
03FA:  DECFSZ 00,F
03FC:  BRA    03FA
03FE:  NOP   
....................   
....................  
.................... while (true){ 
....................  
.................... dato=read_adc(); 
0400:  BSF    FC2.1
0402:  BTFSC  FC2.1
0404:  BRA    0402
0406:  MOVFF  FC4,17
.................... delay_ms(1); 
040A:  MOVLW  01
040C:  MOVWF  1E
040E:  RCALL  012A
.................... lcd_putc("\f"); 
0410:  MOVLW  1E
0412:  MOVWF  FF6
0414:  MOVLW  01
0416:  MOVWF  FF7
0418:  RCALL  02B6
....................   lcd_gotoxy (1, 1) ; 
041A:  MOVLW  01
041C:  MOVWF  1E
041E:  MOVWF  1F
0420:  RCALL  0250
....................     printf (lcd_putc, "Dato es ="); 
0422:  MOVLW  20
0424:  MOVWF  FF6
0426:  MOVLW  01
0428:  MOVWF  FF7
042A:  RCALL  02B6
....................     lcd_gotoxy (1, 2) ; 
042C:  MOVLW  01
042E:  MOVWF  1E
0430:  MOVLW  02
0432:  MOVWF  1F
0434:  RCALL  0250
....................     printf (lcd_putc, "%u",dato); 
0436:  MOVFF  17,1B
043A:  MOVLW  1B
043C:  MOVWF  1C
043E:  BRA    02FE
....................     delay_ms(10); 
0440:  MOVLW  0A
0442:  MOVWF  1E
0444:  RCALL  012A
.................... } 
0446:  BRA    0400
....................  
.................... } 
....................  
....................  
....................  
....................  
....................  
0448:  SLEEP 

Configuration Fuses:
   Word  1: CC27   IESO FCMEN HS PLL12 CPUDIV1 USBDIV
   Word  2: 1E19   NOBROWNOUT NOWDT BORV20 NOPUT WDT32768 NOVREGEN
   Word  3: 8500   NOPBADEN CCP2C1 MCLR LPT1OSC
   Word  4: 0081   STVREN NODEBUG NOLVP NOXINST NOICPRT
   Word  5: C00F   NOPROTECT NOCPD NOCPB
   Word  6: E00F   NOWRT NOWRTD NOWRTC NOWRTB
   Word  7: 400F   NOEBTR NOEBTRB
