
ROM used: 1154 (4%)
          1154 (4%) including unused fragments

          1 Average locations per line
          12 Average locations per statement

RAM used: 6 (0%) at main() level
          17 (1%) worst case

Stack used: 6 worst case (out of 31 total available)

Lines Stmts  %   Files
----- ----- ---  -----
   56    30  31  maestro.c
  451     0   0  ..\..\..\..\..\..\Program Files\PICC\devices\18f4550.h
  348    67  69  ..\..\..\..\..\..\Program Files\PICC\drivers\lcd.c
----- -----
  855    97 Total

Page ROM  %  RAM   Vol Diff  Functions:
---- --- --- ---   --- ----  ----------
0     38   2   1             @delay_ms1
0     20   1   0             @const76
0     66   3   3   587  6.0  lcd_read_byte
0     12   1   0    59  4.2  lcd_read_nibble
0     30   1   1   172  3.4  lcd_send_nibble
0     52   2   3   317  4.3  lcd_send_byte
0     96   4   2   624  5.8  lcd_init
0     34   1   4   186  5.5  lcd_gotoxy
0     68   3   1   272  4.1  lcd_putc
0    104   5   3             @I2C_READ_1
0    108   5   1   265  4.1  @I2C_WRITE_1
0    320  14   1   827  3.8  MAIN
0      2   0   0             @const106
0     32   1   2             @PSTRINGC_93
0      6   0   0             @const108
0      6   0   0             @const109
0      2   0   0             @const110
0     10   0   0             @const111
0     40   2   3             @DIV88
0    104   5   2             @PRINTF_U_93

Program metrics:
    Functions               9
    Statements              97
    Comments                182
    Volume (V)              5129
    Difficilty (D)          38.9
    Effort to implement (E) 199715
    Time to implement (T)   3 hours, 5 minutes
    Est Delivered Bugs (B)  1
    Cyclomatic Complexity   11
    Maintainability (MI)    131

 Segment     Used  Free
-----------  ----  ----
00000-00002     4  0  
00004-07FFE  1150  31614  



