
ROM used: 2982 (9%)
          2982 (9%) including unused fragments

          3 Average locations per line
          9 Average locations per statement

RAM used: 40 (2%) at main() level
          63 (3%) worst case

Stack used: 13 worst case (out of 31 total available)

Lines Stmts  %   Files
----- ----- ---  -----
  354   257  79  codigo final.c
   37     0   0  codigo final.h
  451     0   0  ..\..\..\..\..\Program Files\PICC\devices\18F4550.h
  348    67  21  ..\..\..\..\..\Program Files\PICC\drivers\lcd.c
----- -----
 1190   324 Total

Page ROM  %  RAM   Vol Diff  Functions:
---- --- --- ---   --- ----  ----------
0     38   1   1    56  0.1  @delay_ms2
0     30   1   0   367  5.8  @const84
0     64   1   3   587  6.0  lcd_read_byte
0     12   0   0    59  4.2  lcd_read_nibble
0     30   1   1   172  3.4  lcd_send_nibble
0     52   1   3   317  4.3  lcd_send_byte
0    156   3   2   624  5.8  lcd_init
0     34   1   4   186  5.5  lcd_gotoxy
0     68   1   1   272  4.1  lcd_putc
0    424   7   1  2626  5.9  EXT_ISR
0      8   0   0             @const118
0     32   1   2   587  6.0  @PSTRINGC_101
0     10   0   0    59  4.2  @const120
0      8   0   0   172  3.4  @const121
0     10   0   0   317  4.3  @const122
0      8   0   0   624  5.8  @const123
0      8   0   0   186  5.5  @const124
0      8   0   0   272  4.1  @const125
0     10   0   0   228  3.7  @const126
0     12   0   0  2626  5.9  @const127
0      8   0   0             @const128
0     10   0   0             @const129
0      8   0   0             @const130
0      8   0   0             @const131
0     46   1   0   183  3.1  timer0_isr
0   1704  29   1  7420  6.4  MAIN
0      6   0   0             @const135
0     12   0   0             @const136

Program metrics:
    Functions               21
    Statements              324
    Comments                284
    Volume (V)              26812
    Difficilty (D)          92.3
    Effort to implement (E) 2473953
    Time to implement (T)   38 hours, 11 minutes
    Est Delivered Bugs (B)  6
    Cyclomatic Complexity   81
    Maintainability (MI)    61

 Segment     Used  Free
-----------  ----  ----
00000-00002     4  0  
00004-00006     0  4  
00008-000A0   154  0  
000A2-07FFE  2824  29782  



