
ROM used: 1778 (5%)
          1778 (5%) including unused fragments

          2 Average locations per line
          8 Average locations per statement

RAM used: 36 (2%) at main() level
          59 (3%) worst case

Stack used: 13 worst case (out of 31 total available)

Lines Stmts  %   Files
----- ----- ---  -----
  266   144  68  modulacion.c
   36     0   0  MODULACION.h
  451     0   0  ..\..\..\..\..\Program Files\PICC\devices\18F4550.h
  348    67  32  ..\..\..\..\..\Program Files\PICC\drivers\lcd.c
----- -----
 1101   211 Total

Page ROM  %  RAM   Vol Diff  Functions:
---- --- --- ---   --- ----  ----------
0     38   1   1             @delay_ms2
0     30   1   0             @const80
0     64   2   3   587  6.0  lcd_read_byte
0     12   0   0    59  4.2  lcd_read_nibble
0     30   1   1   172  3.4  lcd_send_nibble
0     52   1   3   317  4.3  lcd_send_byte
0    156   4   2   624  5.8  lcd_init
0     34   1   4   186  5.5  lcd_gotoxy
0     68   2   1   272  4.1  lcd_putc
0    408  11   1  2340  5.4  EXT_ISR
0     10   0   0             @const113
0     32   1   2             @PSTRINGC_97
0     12   0   0             @const115
0     10   0   0             @const116
0     12   0   0             @const117
0     10   0   0             @const118
0     10   0   0             @const119
0     10   0   0             @const120
0     12   0   0             @const121
0     12   0   0             @const122
0     10   0   0             @const123
0     12   0   0             @const124
0     10   0   0             @const125
0     10   0   0             @const126
0     46   1   0   183  3.1  timer0_isr
0    492  14   1  2262  6.4  MAIN
0      6   0   0             @const130
0     12   0   0             @const131

Program metrics:
    Functions               10
    Statements              211
    Comments                247
    Volume (V)              10055
    Difficilty (D)          45.2
    Effort to implement (E) 454345
    Time to implement (T)   7 hours, 1 minutes
    Est Delivered Bugs (B)  2
    Cyclomatic Complexity   31
    Maintainability (MI)    134

 Segment     Used  Free
-----------  ----  ----
00000-00002     4  0  
00004-00006     0  4  
00008-000A0   154  0  
000A2-07FFE  1620  30986  



