
ROM used: 2630 (8%)
          2630 (8%) including unused fragments

          3 Average locations per line
          27 Average locations per statement

RAM used: 31 (2%) at main() level
          59 (3%) worst case

Stack used: 7 worst case (out of 31 total available)

Lines Stmts  %   Files
----- ----- ---  -----
   44    23  23  generador de ciclos.c
   35     0   0  generador de ciclos.h
  461     0   0  ..\..\..\..\..\Program Files\PICC\devices\18F4550.h
  411    75  77  ..\..\..\..\..\Program Files\PICC\drivers\lcd.c
----- -----
  951    98 Total

Page ROM  %  RAM   Vol Diff  Functions:
---- --- --- ---   --- ----  ----------
0     38   1   1             @delay_ms2
0     20   0   0             @const80
0     66   1   3   587  6.0  lcd_read_byte
0     12   0   0    59  4.2  lcd_read_nibble
0     30   1   1   172  3.4  lcd_send_nibble
0     58   1   3   447  4.6  lcd_send_byte
0    100   2   2   717  5.9  lcd_init
0     34   1   4   191  5.8  lcd_gotoxy
0     82   2   1   354  4.7  lcd_putc
0     14   0   0    37  1.1  TIMER_ISR
0    244   5   1   589  2.8  MAIN
0     10   0   0             @const108
0     30   1   3             @PSTRINGCN_97
0     40   1   3             @DIV88
0    104   2   2             @PRINTF_U_97
0     56   1   2             @ITOF
0     10   0   0             @const119
0    244   5  11             @MULFF
0    620  12  16             @ADDFF
0     64   1   5             @FTOSD
0    142   3  13             @DIV3232
0    442   8  13             @PRINTF_L32D_97FPFPFR

Program metrics:
    Functions               9
    Statements              98
    Comments                196
    Volume (V)              4862
    Difficilty (D)          35.5
    Effort to implement (E) 172599
    Time to implement (T)   2 hours, 40 minutes
    Est Delivered Bugs (B)  1
    Cyclomatic Complexity   8
    Maintainability (MI)    140

 Segment     Used  Free
-----------  ----  ----
00000-00002     4  0  
00004-00006     0  4  
00008-000AC   166  0  
000AE-07FFE  2460  30134  



