
ROM used: 122 (0%)
          122 (0%) including unused fragments

          0 Average locations per line
          8 Average locations per statement

RAM used: 5 (0%) at main() level
          6 (0%) worst case

Stack used: 1 worst case (out of 31 total available)

Lines Stmts  %   Files
----- ----- ---  -----
   34    16 100  PRUEBA.c
   35     0   0  PRUEBA.h
  461     0   0  ..\..\..\..\..\Program Files\PICC\devices\18F4550.h
----- -----
  530    16 Total

Page ROM  %  RAM   Vol Diff  Functions:
---- --- --- ---   --- ----  ----------
0     40  16   1             @delay_ms2
0     78  32   1   344  3.3  main

Program metrics:
    Functions               1
    Statements              16
    Comments                105
    Volume (V)              346
    Difficilty (D)          3.2
    Effort to implement (E) 1095
    Time to implement (T)   1 minutes
    Est Delivered Bugs (B)  0
    Cyclomatic Complexity   1
    Maintainability (MI)    87

 Segment     Used  Free
-----------  ----  ----
00000-00002     4  0  
00004-07FFE   118  32646  



