
ROM used: 828 (3%)
          828 (3%) including unused fragments

          1 Average locations per line
          10 Average locations per statement

RAM used: 44 (2%) at main() level
          49 (2%) worst case

Stack used: 3 worst case (out of 31 total available)

Lines Stmts  %   Files
----- ----- ---  -----
  116    83 100  taximetro.c
   35     0   0  taximetro.h
  461     0   0  ..\..\..\..\..\Program Files\PICC\devices\18F4550.h
----- -----
  612    83 Total

Page ROM  %  RAM   Vol Diff  Functions:
---- --- --- ---   --- ----  ----------
0     38   2   1             @delay_ms2
0    204  12   1  1035  6.8  EXT_ISR
0     40   2   3   200  3.6  @DIV88
0     40   2   0   200  3.6  EXT1_ISR
0    324  20   1   855  5.8  MAIN

Program metrics:
    Functions               4
    Statements              83
    Comments                121
    Volume (V)              2962
    Difficilty (D)          19.9
    Effort to implement (E) 59043
    Time to implement (T)   55 minutes
    Est Delivered Bugs (B)  1
    Cyclomatic Complexity   11
    Maintainability (MI)    126

 Segment     Used  Free
-----------  ----  ----
00000-00002     4  0  
00004-00006     0  4  
00008-000B8   178  0  
000BA-07FFE   646  31936  



