
ROM used: 1106 (3%)
          1106 (3%) including unused fragments

          1 Average locations per line
          11 Average locations per statement

RAM used: 28 (1%) at main() level
          42 (2%) worst case

Stack used: 8 worst case (out of 31 total available)

Lines Stmts  %   Files
----- ----- ---  -----
   81    38  36  esclavo1.c
  451     0   0  ..\..\..\..\..\..\Program Files\PICC\devices\18f4550.h
  348    67  64  ..\..\..\..\..\..\Program Files\PICC\drivers\lcd.c
----- -----
  880   105 Total

Page ROM  %  RAM   Vol Diff  Functions:
---- --- --- ---   --- ----  ----------
0     38   2   1             @delay_ms1
0     30   1   0             @const76
0     66   3   3   587  6.0  lcd_read_byte
0     12   1   0    59  4.2  lcd_read_nibble
0     30   1   1   172  3.4  lcd_send_nibble
0     52   2   3   317  4.3  lcd_send_byte
0     96   4   2   624  5.8  lcd_init
0     34   2   4   186  5.5  lcd_gotoxy
0     68   3   1   272  4.1  lcd_putc
0     24   1   1             @I2C_WRITE_1
0     72   3   2   290  4.1  ssp_interupt
0    236  11   1   725  2.9  MAIN
0      2   0   0             @const111
0     32   1   2             @PSTRINGC_93
0      6   0   0             @const113
0      6   0   0             @const114
0      2   0   0             @const115
0     10   0   0             @const116
0     40   2   3             @DIV88
0    104   5   2             @PRINTF_U_93

Program metrics:
    Functions               9
    Statements              105
    Comments                184
    Volume (V)              5035
    Difficilty (D)          37.9
    Effort to implement (E) 191053
    Time to implement (T)   2 hours, 57 minutes
    Est Delivered Bugs (B)  1
    Cyclomatic Complexity   10
    Maintainability (MI)    131

 Segment     Used  Free
-----------  ----  ----
00000-00002     4  0  
00004-00006     0  4  
00008-00094   142  0  
00096-07FFE   960  31658  



