
ROM used: 468 (1%)
          468 (1%) including unused fragments

          0 Average locations per line
          3 Average locations per statement

RAM used: 31 (2%) at main() level
          33 (2%) worst case

Stack used: 2 worst case (out of 31 total available)

Lines Stmts  %   Files
----- ----- ---  -----
   66    41  25  codigo AMI.c
  451     0   0  ..\..\..\..\..\..\..\Program Files\PICC\devices\18f4550.h
   37     0   0  ..\..\..\..\..\..\..\Program Files\PICC\drivers\stdio.h
  409   121  75  ..\..\..\..\..\..\..\Program Files\PICC\drivers\string.h
   28     0   0  ..\..\..\..\..\..\..\Program Files\PICC\drivers\stddef.h
   28     0   0  ..\..\..\..\..\..\..\Program Files\PICC\drivers\ctype.h
----- -----
 1019   162 Total

Page ROM  %  RAM   Vol Diff  Functions:
---- --- --- ---   --- ----  ----------
0     38   4   1             @delay_ms1
0     80   9   2   318  4.6  rda_isr
0    204  22   1   782  6.7  MAIN

Program metrics:
    Functions               2
    Statements              162
    Comments                286
    Volume (V)              1274
    Difficilty (D)          11.3
    Effort to implement (E) 14369
    Time to implement (T)   13 minutes
    Est Delivered Bugs (B)  0
    Cyclomatic Complexity   7
    Maintainability (MI)    50

 Segment     Used  Free
-----------  ----  ----
00000-00002     4  0  
00004-00006     0  4  
00008-00094   142  0  
00096-07FFE   322  32296  



