CCS PCH C Compiler, Version 4.104, 5967               26-sep-16 17:49

               Filename: C:\Users\JAIMEIDAI\Desktop\ESCRITORIO\PROGRAMAS,informacion,tranversales\PROGRAMAS PIC\codigo AMI\codigo AMI.lst

               ROM used: 468 bytes (1%)
                         Largest free fragment is 32296
               RAM used: 31 (2%) at main() level
                         33 (2%) worst case
               Stack:    2 worst case (1 in main + 1 for interrupts)

*
0000:  GOTO   010C
*
0008:  MOVWF  04
000A:  MOVFF  FD8,05
000E:  MOVFF  FE0,06
0012:  MOVLB  0
0014:  MOVFF  FE9,0C
0018:  MOVFF  FEA,07
001C:  MOVFF  FE1,08
0020:  MOVFF  FE2,09
0024:  MOVFF  FD9,0A
0028:  MOVFF  FDA,0B
002C:  MOVFF  FF3,12
0030:  MOVFF  FF4,13
0034:  MOVFF  FFA,14
0038:  MOVFF  00,0E
003C:  MOVFF  01,0F
0040:  MOVFF  02,10
0044:  MOVFF  03,11
0048:  BTFSS  F9D.5
004A:  GOTO   0054
004E:  BTFSC  F9E.5
0050:  GOTO   0096
0054:  MOVFF  0E,00
0058:  MOVFF  0F,01
005C:  MOVFF  10,02
0060:  MOVFF  11,03
0064:  MOVFF  0C,FE9
0068:  MOVFF  07,FEA
006C:  BSF    07.7
006E:  MOVFF  08,FE1
0072:  MOVFF  09,FE2
0076:  MOVFF  0A,FD9
007A:  MOVFF  0B,FDA
007E:  MOVFF  12,FF3
0082:  MOVFF  13,FF4
0086:  MOVFF  14,FFA
008A:  MOVF   04,W
008C:  MOVFF  06,FE0
0090:  MOVFF  05,FD8
0094:  RETFIE 0
.................... #include <18f4550.h> 
.................... //////// Standard Header file for the PIC18F4550 device //////////////// 
.................... #device PIC18F4550 
.................... #list 
....................  
.................... #fuses HS,MCLR,NOWDT,NOPROTECT,NOPUT,NOBROWNOUT,NOPBADEN,NOLVP,NOCPD,NODEBUG,NOWRT,NOVREGEN 
.................... #FUSES CPUDIV1         //DIVISION DE FRECUENCIA DEL OSCILADOR: 1 
.................... #use delay(clock=20000000) 
*
00E6:  CLRF   FEA
00E8:  MOVLW  1E
00EA:  MOVWF  FE9
00EC:  MOVF   FEF,W
00EE:  BZ    010A
00F0:  MOVLW  06
00F2:  MOVWF  01
00F4:  CLRF   00
00F6:  DECFSZ 00,F
00F8:  BRA    00F6
00FA:  DECFSZ 01,F
00FC:  BRA    00F4
00FE:  MOVLW  7B
0100:  MOVWF  00
0102:  DECFSZ 00,F
0104:  BRA    0102
0106:  DECFSZ FEF,F
0108:  BRA    00F0
010A:  RETLW  00
.................... #use rs232(baud=9600, xmit=PIN_C6, rcv=PIN_C7,STREAM=pc 1) 
.................... #include <stdio.h> 
.................... /////////////////////////////////////////////////////////////////////////// 
.................... ////        (C) Copyright 1996,2003 Custom Computer Services           //// 
.................... //// This source code may only be used by licensed users of the CCS C  //// 
.................... //// compiler.  This source code may only be distributed to other      //// 
.................... //// licensed users of the CCS C compiler.  No other use, reproduction //// 
.................... //// or distribution is permitted without written permission.          //// 
.................... //// Derivative programs created using this software in object code    //// 
.................... //// form are not restricted in any way.                               //// 
.................... /////////////////////////////////////////////////////////////////////////// 
....................  
.................... #ifndef _STDIO 
.................... #define _STDIO 
.................... #include <string.h> 
.................... //////////////////////////////////////////////////////////////////////////// 
.................... ////        (C) Copyright 1996,2008 Custom Computer Services            //// 
.................... //// This source code may only be used by licensed users of the CCS C   //// 
.................... //// compiler.  This source code may only be distributed to other       //// 
.................... //// licensed users of the CCS C compiler.  No other use, reproduction  //// 
.................... //// or distribution is permitted without written permission.           //// 
.................... //// Derivative programs created using this software in object code     //// 
.................... //// form are not restricted in any way.                                //// 
.................... //////////////////////////////////////////////////////////////////////////// 
....................  
.................... #ifndef _STRING 
.................... #define _STRING 
.................... #include <stddef.h> 
.................... /////////////////////////////////////////////////////////////////////////// 
.................... ////        (C) Copyright 1996,2003 Custom Computer Services           //// 
.................... //// This source code may only be used by licensed users of the CCS C  //// 
.................... //// compiler.  This source code may only be distributed to other      //// 
.................... //// licensed users of the CCS C compiler.  No other use, reproduction //// 
.................... //// or distribution is permitted without written permission.          //// 
.................... //// Derivative programs created using this software in object code    //// 
.................... //// form are not restricted in any way.                               //// 
.................... /////////////////////////////////////////////////////////////////////////// 
....................  
.................... #ifndef _STDDEF 
....................  
.................... #define _STDDEF 
....................  
.................... #if sizeof(unsigned int8 *)==1 
.................... #define ptrdiff_t unsigned int8 
.................... #else 
.................... #define ptrdiff_t unsigned int16 
.................... #endif 
....................  
.................... #define size_t unsigned int8 
.................... #define wchar_t char 
.................... #define NULL 0 
....................  
.................... #define offsetof(s,f) (offsetofbit(s,f)/8) 
....................  
.................... #endif 
....................  
.................... #include <ctype.h> 
.................... //////////////////////////////////////////////////////////////////////////// 
.................... ////        (C) Copyright 1996,2003 Custom Computer Services            //// 
.................... //// This source code may only be used by licensed users of the CCS C   //// 
.................... //// compiler.  This source code may only be distributed to other       //// 
.................... //// licensed users of the CCS C compiler.  No other use, reproduction  //// 
.................... //// or distribution is permitted without written permission.           //// 
.................... //// Derivative programs created using this software in object code     //// 
.................... //// form are not restricted in any way.                                //// 
.................... //////////////////////////////////////////////////////////////////////////// 
....................  
.................... #ifndef _CTYPE 
.................... #define _CTYPE 
....................  
.................... #define islower(x)  isamong(x,"abcdefghijklmnopqrstuvwxyz") 
.................... #define isupper(x)  isamong(x,"ABCDEFGHIJKLMNOPQRSTUVWXYZ") 
.................... #define isalnum(x)  isamong(x,"0123456789ABCDEFGHIJKLMNOPQRSTUVWXYZabcdefghijklmnopqrstuvwxyz") 
.................... #define isalpha(x)  isamong(x,"ABCDEFGHIJKLMNOPQRSTUVWXYZabcdefghijklmnopqrstuvwxyz") 
.................... #define isdigit(x)  isamong(x,"0123456789") 
.................... #define isspace(x)  ((x)==' ') 
.................... #define isxdigit(x) isamong(x,"0123456789ABCDEFabcdef") 
.................... #define iscntrl(x)  ((x)<' ') 
.................... #define isprint(x)  ((x)>=' ') 
.................... #define isgraph(x)  ((x)>' ') 
.................... #define ispunct(x)  (((x)>' ')&&!isalnum(x)) 
....................  
.................... #endif 
....................  
....................  
....................  
....................  
....................  
.................... ////////////////////////////////////////////// 
.................... //// Uncomment the following define to    //// 
.................... //// allow some functions to use a        //// 
.................... //// quicker algorithm, but use more ROM  //// 
.................... ////                                      //// 
.................... //// #define FASTER_BUT_MORE_ROM          //// 
.................... ////////////////////////////////////////////// 
....................  
....................  
....................  
.................... /*Copying functions*/ 
.................... /* standard template: 
....................    void *memmove(void *s1, void *s2, size_t n). 
....................    Copies max of n characters safely (not following ending '\0') 
....................    from s2 in s1; if s2 has less than n characters, appends 0 */ 
....................  
.................... char *memmove(void *s1,char *s2,size_t n) 
.................... { 
....................    char *sc1; 
....................    char *sc2; 
....................    sc1=s1; 
....................    sc2=s2; 
....................    if(sc2<sc1 && sc1 <sc2 +n) 
....................       for(sc1+=n,sc2+=n;0<n;--n) 
....................          *--sc1=*--sc2; 
....................    else 
....................       for(;0<n;--n) 
....................          *sc1++=*sc2++; 
....................   return s1; 
....................   } 
....................  
.................... /* Standard template: char *strcpy(char *s1, const char *s2) 
....................    copies the string s2 including the null character to s1. 
....................    This is a compiler built in to handle the different address 
....................    spaces */ 
....................  
.................... #define strcopy strcpy 
....................  
.................... /* standard template: 
....................    char *strncpy(char *s1, const char *s2, size_t n). 
....................    Copies max of n characters (not following ending '\0') 
....................    from s2 in s1; if s2 has less than n characters, appends 0 */ 
....................  
.................... char *strncpy(char *s1, char *s2, size_t n) 
.................... { 
....................   char *s; 
....................  
....................   for (s = s1; n > 0 && *s2 != '\0'; n--) 
....................      *s++ = *s2++; 
....................   for (; n > 0; n--) 
....................      *s++ = '\0'; 
....................  
....................   return(s1); 
.................... } 
.................... /***********************************************************/ 
....................  
.................... /*concatenation functions*/ 
.................... /* standard template: char *strcat(char *s1, const char *s2) 
.................... appends s2 to s1*/ 
....................  
.................... char *strcat(char *s1, char *s2) 
.................... { 
....................    char *s; 
....................  
....................    for (s = s1; *s != '\0'; ++s); 
....................    while(*s2 != '\0') 
....................    { 
....................       *s = *s2; 
....................       ++s; 
....................       ++s2; 
....................    } 
....................  
....................    *s = '\0'; 
....................    return(s1); 
.................... } 
.................... /* standard template: char *strncat(char *s1, char *s2,size_t n) 
.................... appends not more than n characters from s2 to s1*/ 
....................  
.................... char *strncat(char *s1, char *s2, size_t n) 
.................... { 
....................    char *s; 
....................  
....................    for (s = s1; *s != '\0'; ++s); 
....................    while(*s2 != '\0' && 0<n) 
....................    { 
....................       *s = *s2; 
....................       ++s; 
....................       ++s2; 
....................       --n; 
....................    } 
....................  
....................    *s = '\0'; 
....................    return(s1); 
.................... } 
....................  
.................... /***********************************************************/ 
....................  
....................  
.................... /*comparison functions*/ 
.................... /* standard template: signed int memcmp(void *s1, void *s2). 
....................    Compares s1 & s2; returns -1 if s1<s2, 0 if s1=s2, 1 if s1>s2 */ 
....................  
.................... signed int8 memcmp(void * s1,char *s2,size_t n) 
.................... { 
.................... char *su1, *su2; 
.................... for(su1=s1, su2=s2; 0<n; ++su1, ++su2, --n) 
.................... { 
....................    if(*su1!=*su2) 
....................       return ((*su1<*su2)?-1:+1); 
.................... } 
.................... return 0; 
.................... } 
....................  
.................... /* standard template: int strcmp(const char *s1, const char *s2). 
....................    Compares s1 & s2; returns -1 if s1<s2, 0 if s1=s2, 1 if s1>s2 */ 
....................  
.................... signed int8 strcmp(char *s1, char *s2) 
.................... { 
....................    for (; *s1 == *s2; s1++, s2++) 
....................       if (*s1 == '\0') 
....................          return(0); 
....................    return((*s1 < *s2) ? -1: 1); 
.................... } 
.................... /* standard template: int strcoll(const char *s1, const char *s2). 
....................    Compares s1 & s2; returns -1 if s1<s2, 0 if s1=s2, 1 if s1>s2 */ 
....................  
.................... signed int8 strcoll(char *s1, char *s2) 
.................... { 
....................    for (; *s1 == *s2; s1++, s2++) 
....................       if (*s1 == '\0') 
....................          return(0); 
....................    return((*s1 < *s2) ? -1: 1); 
.................... } 
....................  
.................... /* standard template: 
....................    int strncmp(const char *s1, const char *s2, size_t n). 
....................    Compares max of n characters (not following 0) from s1 to s2; 
....................    returns same as strcmp */ 
....................  
.................... signed int8 strncmp(char *s1, char *s2, size_t n) 
.................... { 
....................    for (; n > 0; s1++, s2++, n--) 
....................       if (*s1 != *s2) 
....................          return((*s1 <*s2) ? -1: 1); 
....................       else if (*s1 == '\0') 
....................          return(0); 
....................    return(0); 
.................... } 
.................... /* standard template: 
....................    int strxfrm(const char *s1, const char *s2, size_t n). 
....................    transforms maximum of n characters from s2 and places them into s1*/ 
.................... size_t strxfrm(char *s1, char *s2, size_t n) 
.................... { 
....................   char *s; 
....................   unsigned int8 n1; 
....................   n1=n; 
....................   for (s = s1; n > 0 && *s2 != '\0'; n--) 
....................      *s++ = *s2++; 
....................   for (; n > 0; n--) 
....................      *s++ = '\0'; 
....................  
....................   return(n1); 
.................... } 
....................  
....................  
....................  
....................  
....................  
.................... /***********************************************************/ 
.................... /*Search functions*/ 
.................... /* standard template: void *memchr(const char *s, int c). 
....................    Finds first occurrence of c in n characters of s */ 
....................  
.................... char *memchr(void *s,unsigned int8 c,size_t n) 
.................... { 
....................    char uc; 
....................    char *su; 
....................    uc=c; 
....................    for(su=s;0<n;++su,--n) 
....................       if(*su==uc) 
....................       return su; 
....................    return NULL; 
.................... } 
....................  
.................... /* standard template: char *strchr(const char *s, int c). 
....................    Finds first occurrence of c in s */ 
....................  
.................... char *strchr(char *s, unsigned int8 c) 
.................... { 
....................    for (; *s != c; s++) 
....................       if (*s == '\0') 
....................          return(0); 
....................    return(s); 
.................... } 
.................... /* standard template: 
....................    size_t strcspn(const char *s1, const char *s2). 
....................    Computes length of max initial segment of s1 that 
....................    consists entirely of characters NOT from s2*/ 
....................  
.................... unsigned int8  strcspn(char *s1, char *s2) 
.................... { 
....................    char *sc1, *sc2; 
....................  
....................    for (sc1 = s1; *sc1 != 0; sc1++) 
....................       for (sc2 = s2; *sc2 != 0; sc2++) 
....................          if (*sc1 == *sc2) 
....................             return(sc1 - s1); 
....................    return(sc1 - s1); 
.................... } 
.................... /* standard template: 
....................    char *strpbrk(const char *s1, const char *s2). 
....................    Locates first occurence of any character from s2 in s1; 
....................    returns s1 if s2 is empty string */ 
....................  
.................... char *strpbrk(char *s1, char *s2) 
.................... { 
....................    char *sc1, *sc2; 
....................  
....................    for (sc1 = s1; *sc1 != 0; sc1++) 
....................       for (sc2 = s2; *sc2 != 0; sc2++) 
....................          if (*sc1 == *sc2) 
....................             return(sc1); 
....................    return(0); 
.................... } 
....................  
....................  
.................... /* standard template: char *strrchr(const char *s, int c). 
....................    Finds last occurrence of c in s */ 
....................  
.................... char *strrchr(char *s, unsigned int8 c) 
.................... { 
....................    char *p; 
....................  
....................    for (p = 0; ; s++) 
....................    { 
....................       if (*s == c) 
....................          p = s; 
....................       if (*s == '\0') 
....................          return(p); 
....................    } 
.................... } 
.................... /* computes length of max initial segment of s1 consisting 
....................    entirely of characters from s2 */ 
....................  
.................... unsigned int8  strspn(char *s1, char *s2) 
.................... { 
....................    char *sc1, *sc2; 
....................  
....................    for (sc1 = s1; *sc1 != 0; sc1++) 
....................       for (sc2 = s2; ; sc2++) 
....................     if (*sc2 == '\0') 
....................        return(sc1 - s1); 
....................          else if (*sc1 == *sc2) 
....................             break; 
....................    return(sc1 - s1); 
.................... } 
.................... /* standard template: 
....................    char *strstr(const char *s1, const char *s2); 
....................    Locates first occurence of character sequence s2 in s1; 
....................    returns 0 if s2 is empty string 
....................  
....................    Uncomment #define FASTER_BUT_MORE_ROM at the top of the 
....................    file to use the faster algorithm */ 
.................... char *strstr(char *s1, char *s2) 
.................... { 
....................    char *s, *t; 
....................  
....................    #ifdef FASTER_BUT_MORE_ROM 
....................    if (*s2 == '\0') 
....................          return(s1); 
....................    #endif 
....................  
....................    while (*s1) 
....................    { 
....................       for(s = s1, t = s2; *t && (*s == *t); ++s, ++t); 
....................  
....................       if (*t == '\0') 
....................          return s1; 
....................       ++s1; 
....................       #ifdef FASTER_BUT_MORE_ROM 
....................          while(*s1 != '\0' && *s1 != *s2) 
....................             ++s1; 
....................       #endif 
....................    } 
....................    return 0; 
.................... } 
....................  
.................... /* standard template: char *strtok(char *s1, const char *s2). 
....................  
....................    Finds next token in s1 delimited by a character from separator 
....................    string s2 (which can be different from call to call).  First call 
....................    starts at beginning of s1 searching for first character NOT 
....................    contained in s2; returns 0 if none is found. 
....................    If one is found, it is the start of first token (return value). 
....................    Function then searches from there for a character contained in s2. 
....................    If none is found, current token extends to end of s1, and subsequent 
....................    searches for a token will return 0.  If one is found, it is 
....................    overwritten by '\0', which terminates current token.  Function saves 
....................    pointer to following character from which next search will start. 
....................    Each subsequent call, with 0 as first argument, starts searching 
....................    from saved pointer */ 
....................  
.................... char *strtok(char *s1, char *s2) 
.................... { 
....................    char *beg, *end; 
....................    static char *save; 
....................  
....................    beg = (s1)? s1: save; 
....................    beg += strspn(beg, s2); 
....................    if (*beg == '\0') 
....................    { 
....................       *save = ' '; 
....................       return(0); 
....................    } 
....................    end = strpbrk(beg, s2); 
....................    if (*end != '\0') 
....................    { 
....................       *end = '\0'; 
....................       end++; 
....................    } 
....................    save = end; 
....................    return(beg); 
.................... } 
....................  
.................... /*****************************************************************/ 
.................... /*Miscellaneous functions*/ 
.................... /* standard template 
.................... maps error number in errnum to an error message string 
.................... Returns: Pointer to string 
.................... */ 
.................... #ifdef _ERRNO 
.................... char * strerror(unsigned int8 errnum) 
.................... { 
.................... char s[15]; 
.................... switch( errnum) 
.................... { 
.................... case 0: 
....................    strcpy(s,"no errors"); 
....................    return s; 
.................... case EDOM : 
....................    strcpy(s,"domain error"); 
....................    return s; 
.................... case ERANGE: 
....................    strcpy(s,"range error"); 
....................    return s; 
.................... } 
.................... } 
.................... #ENDIF 
.................... /* standard template: size_t strlen(const char *s). 
....................    Computes length of s1 (preceding terminating 0) */ 
....................  
.................... unsigned int8 strlen(char *s) 
.................... { 
....................    char *sc; 
....................  
....................    for (sc = s; *sc != 0; sc++); 
....................    return(sc - s); 
.................... } 
....................  
.................... /* standard template: size_t stricmp(const char *s1, const char *s2). 
....................    Compares s1 to s2 ignoring case (upper vs. lower) */ 
....................  
.................... signed int8 stricmp(char *s1, char *s2) 
.................... { 
....................  for(; *s1==*s2||(isalpha(*s1)&&isalpha(*s2)&&(*s1==*s2+32||*s2==*s1+32)); 
....................     s1++, s2++) 
....................     if (*s1 == '\0') 
....................        return(0); 
....................  return((*s1 < *s2) ? -1: 1); 
.................... } 
....................  
....................  
.................... /* standard template: char *strlwr(char *s). 
....................    Replaces uppercase letters by lowercase; 
....................    returns pointer to new string s */ 
....................  
.................... char *strlwr(char *s) 
.................... { 
....................    char *p; 
....................  
....................    for (p = s; *p != '\0'; p++) 
....................       if (*p >= 'A' && *p <='Z') 
....................          *p += 'a' - 'A'; 
....................    return(s); 
.................... } 
....................  
....................  
.................... /************************************************************/ 
....................  
....................  
.................... #endif 
....................  
.................... #ifndef getc 
.................... #define getc getch 
.................... #define getchar getch 
.................... #define puts(s) {printf(s); putchar(13); putchar(10);} 
.................... #define putc putchar 
.................... #endif 
.................... /* maps error number to an error message. Writes a sequence of characters to 
.................... stderr stream thus: if s is not null then string pointed to by s follwed by 
.................... a colon (:) and a space and the appropriate error message returned by strerror 
.................... function with argument errno 
....................  
.................... Returns: no value 
.................... */ 
....................  
.................... #ifdef _ERRNO 
.................... void perror(char *s) 
.................... { 
....................   if(s) 
....................   fprintf(STDERR,"%s: ",s); 
....................   fprintf(STDERR,"%s\r\n",strerror(errno)); 
.................... } 
.................... #endif 
.................... #endif 
....................  
....................  
....................  
.................... int e=0,d=0,g=1,band=0; 
.................... char a,dato[]={0}; 
....................  
.................... #int_rda 
.................... void rda_isr() 
....................    { 
....................    output_high(PIN_b0); 
*
0096:  BCF    F93.0
0098:  BSF    F8A.0
....................    a=fgetc(); 
009A:  BTFSS  F9E.5
009C:  BRA    009A
009E:  MOVFF  FAE,1C
....................    if(a=='@'){ 
00A2:  MOVF   1C,W
00A4:  SUBLW  40
00A6:  BNZ   00E0
....................    e=100; 
00A8:  MOVLW  64
00AA:  MOVWF  18
....................    dato[0]=a; 
00AC:  MOVFF  1C,1D
....................       for(d=1;d<=e;d++) { 
00B0:  MOVLW  01
00B2:  MOVWF  19
00B4:  MOVF   19,W
00B6:  SUBWF  18,W
00B8:  BNC   00E0
....................       a=fgetc(); 
00BA:  BTFSS  F9E.5
00BC:  BRA    00BA
00BE:  MOVFF  FAE,1C
....................       dato[d]=a; 
00C2:  CLRF   03
00C4:  MOVF   19,W
00C6:  ADDLW  1D
00C8:  MOVWF  FE9
00CA:  MOVLW  00
00CC:  ADDWFC 03,W
00CE:  MOVWF  FEA
00D0:  MOVFF  1C,FEF
....................        
....................       if(a=='#'){ 
00D4:  MOVF   1C,W
00D6:  SUBLW  23
00D8:  BNZ   00DC
....................       e=0; 
00DA:  CLRF   18
....................       } 
....................      } 
00DC:  INCF   19,F
00DE:  BRA    00B4
....................     } 
....................    } 
....................     
....................     
00E0:  BCF    F9E.5
00E2:  GOTO   0054
.................... void main (){ 
*
010C:  CLRF   FF8
010E:  BCF    FD0.7
0110:  BSF    07.7
0112:  CLRF   FEA
0114:  CLRF   FE9
0116:  BSF    FB8.3
0118:  MOVLW  08
011A:  MOVWF  FAF
011C:  MOVLW  02
011E:  MOVWF  FB0
0120:  MOVLW  A6
0122:  MOVWF  FAC
0124:  MOVLW  90
0126:  MOVWF  FAB
0128:  CLRF   18
012A:  CLRF   19
012C:  MOVLW  01
012E:  MOVWF  1A
0130:  CLRF   1B
0132:  MOVF   FC1,W
0134:  ANDLW  C0
0136:  IORLW  0F
0138:  MOVWF  FC1
013A:  MOVLW  07
013C:  MOVWF  FB4
013E:  CLRF   16
0140:  CLRF   17
0142:  CLRF   1E
0144:  CLRF   1D
.................... set_tris_a (0xff); 
0146:  MOVLW  FF
0148:  MOVWF  F92
.................... set_tris_b (0x00); 
014A:  MOVLW  00
014C:  MOVWF  F93
....................  
....................  enable_interrupts(int_rda); 
014E:  BSF    F9D.5
....................    enable_interrupts(GLOBAL); 
0150:  MOVLW  C0
0152:  IORWF  FF2,F
....................  
.................... while (true){ 
.................... output_toggle(PIN_b0); 
0154:  BCF    F93.0
0156:  BTG    F8A.0
....................  
.................... if(input(PIN_b5)==1){ 
0158:  BSF    F93.5
015A:  BTFSS  F81.5
015C:  BRA    01D4
....................  
....................     for(g=1;g<d-1;g++){ 
015E:  MOVLW  01
0160:  MOVWF  1A
0162:  MOVLW  01
0164:  SUBWF  19,W
0166:  SUBWF  1A,W
0168:  BC    01CC
....................        if((dato[g]==1)&&(band==0)){ 
016A:  CLRF   03
016C:  MOVF   1A,W
016E:  ADDLW  1D
0170:  MOVWF  FE9
0172:  MOVLW  00
0174:  ADDWFC 03,W
0176:  MOVWF  FEA
0178:  DECFSZ FEF,W
017A:  BRA    0194
017C:  MOVF   1B,F
017E:  BNZ   0194
....................          output_high(PIN_b1); 
0180:  BCF    F93.1
0182:  BSF    F8A.1
....................          output_low(PIN_b2); 
0184:  BCF    F93.2
0186:  BCF    F8A.2
....................          band=1; 
0188:  MOVLW  01
018A:  MOVWF  1B
....................        delay_ms(10); 
018C:  MOVLW  0A
018E:  MOVWF  1E
0190:  RCALL  00E6
....................        }else if((dato[g]==1)&&(band==1)){ 
0192:  BRA    01C8
0194:  CLRF   03
0196:  MOVF   1A,W
0198:  ADDLW  1D
019A:  MOVWF  FE9
019C:  MOVLW  00
019E:  ADDWFC 03,W
01A0:  MOVWF  FEA
01A2:  DECFSZ FEF,W
01A4:  BRA    01BA
01A6:  DECFSZ 1B,W
01A8:  BRA    01BA
....................          output_low(PIN_b1); 
01AA:  BCF    F93.1
01AC:  BCF    F8A.1
....................          output_high(PIN_b2); 
01AE:  BCF    F93.2
01B0:  BSF    F8A.2
....................        delay_ms(10); 
01B2:  MOVLW  0A
01B4:  MOVWF  1E
01B6:  RCALL  00E6
....................        }else{ 
01B8:  BRA    01C8
....................          output_low(PIN_b1); 
01BA:  BCF    F93.1
01BC:  BCF    F8A.1
....................          output_low(PIN_b2); 
01BE:  BCF    F93.2
01C0:  BCF    F8A.2
....................        delay_ms(10); 
01C2:  MOVLW  0A
01C4:  MOVWF  1E
01C6:  RCALL  00E6
....................        } 
....................     } 
01C8:  INCF   1A,F
01CA:  BRA    0162
....................          
.................... while(input(PIN_b5)==1){}// antirrebote 
01CC:  BSF    F93.5
01CE:  BTFSS  F81.5
01D0:  BRA    01D4
01D2:  BRA    01CC
....................    } 
....................  
.................... } 
01D4:  BRA    0154
.................... } 
01D6:  SLEEP 

Configuration Fuses:
   Word  1: CC27   IESO FCMEN HS PLL12 CPUDIV1 USBDIV
   Word  2: 1E19   NOBROWNOUT NOWDT BORV20 NOPUT WDT32768 NOVREGEN
   Word  3: 8500   NOPBADEN CCP2C1 MCLR LPT1OSC
   Word  4: 0081   STVREN NODEBUG NOLVP NOXINST NOICPRT
   Word  5: C00F   NOPROTECT NOCPD NOCPB
   Word  6: E00F   NOWRT NOWRTD NOWRTC NOWRTB
   Word  7: 400F   NOEBTR NOEBTRB
