
ROM used: 2826 (9%)
          2826 (9%) including unused fragments

          3 Average locations per line
          22 Average locations per statement

RAM used: 121 (6%) at main() level
          134 (7%) worst case

Stack used: 5 worst case (out of 31 total available)

Lines Stmts  %   Files
----- ----- ---  -----
  101    36  28  reloj.c
  451     0   0  ..\..\..\..\..\..\Program Files\PICC\devices\18f4550.h
  256    93  72  ..\..\..\..\..\..\Program Files\PICC\drivers\_ds1307.c
----- -----
  808   129 Total

Page ROM  %  RAM   Vol Diff  Functions:
---- --- --- ---   --- ----  ----------
0     38   1   1             @delay_ms1
0    102   2   3             @I2C_READ_1
0    108   2   1             @I2C_WRITE_1
0    318   6   3   497  2.4  ds1307_init
 Inline        5   437  3.1  ds1307_get_date
 Inline        4   367  3.0  ds1307_get_time
0    262   5   8   172  3.2  ds1307_get_day_of_week
0     30   1   1             @SPRINTF
0     38   1   2             @PSTRINGR_114
0     38   1   3   240  6.0  ds1307_bin2bcd
0     38   1   3   155  4.7  ds1307_bcd2bin
0     14   0   0    20  1.3  serial_isr
0    570  10   0   260  2.3  lee_y_transmite_date_and_time
0     40   1   2             @PSTRINGR_9600_31766_31767
0     40   1   3             @DIV88
0    208   4   6             @PRINTF_D_9600_31766_31767
0    526   9   1   719  4.7  MAIN
0     42   1   0             @const143
0     34   1   2             @PSTRINGC_9600_31766_31767
0     28   0   0             @const145
0     28   0   0             @const146
0     30   1   0             @const147
0     28   0   0             @const148
0     36   1   0             @const149
0     50   1   0             @const151
0     16   0   0             @const152
0     18   0   0             @const153

Program metrics:
    Functions               9
    Statements              129
    Comments                169
    Volume (V)              4494
    Difficilty (D)          29.2
    Effort to implement (E) 131015
    Time to implement (T)   2 hours, 1 minutes
    Est Delivered Bugs (B)  1
    Cyclomatic Complexity   4
    Maintainability (MI)    116

 Segment     Used  Free
-----------  ----  ----
00000-00002     4  0  
00004-00006     0  4  
00008-00094   142  0  
00096-07FFE  2680  29938  



