
ROM used: 590 (2%)
          590 (2%) including unused fragments

          1 Average locations per line
          8 Average locations per statement

RAM used: 8 (0%) at main() level
          18 (1%) worst case

Stack used: 4 worst case (out of 31 total available)

Lines Stmts  %   Files
----- ----- ---  -----
   25     9  12  caracter.c
  422     0   0  C:\Program Files (x86)\PICC\devices\18f4550.h
  168    63  88  C:\Program Files (x86)\PICC\drivers\lcd.c
----- -----
  615    72 Total

Page ROM  %  RAM   Vol Diff  Functions:
---- --- --- ---   --- ----  ----------
0     38   3   1             @delay_ms1
0     20   2   0   183  3.6  @const55
0     60   5   3   463  4.3  lcd_read_byte
0     30   3   1   134  2.2  lcd_send_nibble
0     54   5   3   317  4.3  lcd_send_byte
0     88   7   3   422  4.7  lcd_init
0     34   3   4   186  5.5  lcd_gotoxy
0     68   6   1   272  4.1  lcd_putc
0    126  11   1   262  4.0  MAIN
0     34   3   0             @const85
0     34   3   0             @const86

Program metrics:
    Functions               8
    Statements              72
    Comments                151
    Volume (V)              3510
    Difficilty (D)          32.2
    Effort to implement (E) 113056
    Time to implement (T)   1 hours, 45 minutes
    Est Delivered Bugs (B)  1
    Cyclomatic Complexity   9
    Maintainability (MI)    125

 Segment     Used  Free
-----------  ----  ----
00000-00002     4  0  
00004-07FFE   586  32178  



THE FOLLOWING IS TEMPORARY FOR DIAGNOSTIC USE ONLY:

    n1    n2    N1    N2   v(G)
     0     1     0     0     0    @delay_ms1
     8    18    23    16     1    @const55
     9    41    43    39     0    lcd_read_byte
     5    17    15    15     0    lcd_send_nibble
     9    30    31    29     0    lcd_send_byte
    10    37    41    35     2    lcd_init
    11    19    19    19     1    lcd_gotoxy
     9    22    35    20     4    lcd_putc
     9    26    28    23     1    MAIN
     0     1     0     0     0    @const85
     0     1     0     0     0    @const86
