
ROM used: 3496 (11%)
          3496 (11%) including unused fragments

          1 Average locations per line
          9 Average locations per statement

RAM used: 26 (1%) at main() level
          48 (2%) worst case

Stack used: 6 worst case (out of 31 total available)

Lines Stmts  %   Files
----- ----- ---  -----
   89    48  13  ultrasonido.c
  451     0   0  ..\..\..\..\..\..\..\Program Files\PICC\devices\18f4550.h
 2172   260  69  ..\..\..\..\..\..\..\Program Files\PICC\drivers\math.h
  348    67  18  ..\..\..\..\..\..\..\Program Files\PICC\drivers\lcd.c
----- -----
 3060   375 Total

Page ROM  %  RAM   Vol Diff  Functions:
---- --- --- ---   --- ----  ----------
0     38   1   1             @delay_ms1
0    120   2  10   587  6.0  @FLT
0     54   1   2   172  3.4  @ITOF
0    346   5  14   317  4.3  @DIVFF
0    618   9  16   624  5.8  @ADDFF
0    242   3  11   186  5.5  @MULFF
0     20   0   0             @const211
0     66   1   3   587  6.0  lcd_read_byte
0     12   0   0    59  4.2  lcd_read_nibble
0     30   0   1   172  3.4  lcd_send_nibble
0     52   1   3   317  4.3  lcd_send_byte
0     96   1   2   624  5.8  lcd_init
0     34   0   4   186  5.5  lcd_gotoxy
0     68   1   1   272  4.1  lcd_putc
0    856  12   4  1627  6.7  MAIN
0     14   0   0             @const241
0     32   0   2             @PSTRINGC_228
0     14   0   0             @const243
0     16   0   0             @const244
0      8   0   0             @const245
0     18   0   0             @const246
0     32   0   5             @MUL1616
0     68   1   5             @DIV1616
0     18   0   0             @const253
0     20   0   0             @const254
0     64   1   5             @FTOSD
0    122   2  13             @DIV3232
0    382   5  13             @PRINTF_L32D_228FPFPF
0     32   0   3             @PSTRINGCN_228

Program metrics:
    Functions               13
    Statements              375
    Comments                433
    Volume (V)              9163
    Difficilty (D)          62.0
    Effort to implement (E) 568364
    Time to implement (T)   8 hours, 46 minutes
    Est Delivered Bugs (B)  2
    Cyclomatic Complexity   11
    Maintainability (MI)    106

 Segment     Used  Free
-----------  ----  ----
00000-00002     4  0  
00004-07FFE  3492  29272  



